#
# There is insufficient memory for the Java Runtime Environment to continue.
# Native memory allocation (malloc) failed to allocate 1048576 bytes for AllocateHeap
# Possible reasons:
#   The system is out of physical RAM or swap space
#   The process is running with CompressedOops enabled, and the Java Heap may be blocking the growth of the native heap
# Possible solutions:
#   Reduce memory load on the system
#   Increase physical memory or swap space
#   Check if swap backing store is full
#   Decrease Java heap size (-Xmx/-Xms)
#   Decrease number of Java threads
#   Decrease Java thread stack sizes (-Xss)
#   Set larger code cache with -XX:ReservedCodeCacheSize=
#   JVM is running with Unscaled Compressed Oops mode in which the Java heap is
#     placed in the first 4GB address space. The Java Heap base address is the
#     maximum limit for the native heap growth. Please use -XX:HeapBaseMinAddress
#     to set the Java Heap base and to place the Java Heap above 4GB virtual address.
# This output file may be truncated or incomplete.
#
#  Out of Memory Error (./open/src/hotspot/share/memory/allocation.cpp:46), pid=24156, tid=18888
#
# JRE version: Java(TM) SE Runtime Environment 18.9 (11.0.24+7) (build 11.0.24+7-LTS-271)
# Java VM: Java HotSpot(TM) 64-Bit Server VM 18.9 (11.0.24+7-LTS-271, mixed mode, tiered, compressed oops, g1 gc, windows-amd64)
# No core dump will be written. Minidumps are not enabled by default on client versions of Windows
#

---------------  S U M M A R Y ------------

Command Line: -Xmx1g -XX:+IgnoreUnrecognizedVMOptions --add-opens=java.base/java.lang=ALL-UNNAMED --add-opens=java.base/java.lang.invoke=ALL-UNNAMED --add-opens=java.base/java.lang.reflect=ALL-UNNAMED --add-opens=java.base/java.io=ALL-UNNAMED --add-opens=java.base/java.net=ALL-UNNAMED --add-opens=java.base/java.nio=ALL-UNNAMED --add-opens=java.base/java.util=ALL-UNNAMED --add-opens=java.base/java.util.concurrent=ALL-UNNAMED --add-opens=java.base/java.util.concurrent.atomic=ALL-UNNAMED --add-opens=java.base/jdk.internal.ref=ALL-UNNAMED --add-opens=java.base/sun.nio.ch=ALL-UNNAMED --add-opens=java.base/sun.nio.cs=ALL-UNNAMED --add-opens=java.base/sun.security.action=ALL-UNNAMED --add-opens=java.base/sun.util.calendar=ALL-UNNAMED --add-opens=java.security.jgss/sun.security.krb5=ALL-UNNAMED -Djdk.reflect.useDirectMethodHandle=false org.apache.spark.deploy.SparkSubmit --master spark://192.168.1.12:7077 --name PySparkShell pyspark-shell

Host: 12th Gen Intel(R) Core(TM) i7-12700H, 20 cores, 15G,  Windows 11 , 64 bit Build 26100 (10.0.26100.2454)
Time: Sat Jan 25 01:47:55 2025 India Standard Time elapsed time: 1804.147720 seconds (0d 0h 30m 4s)

---------------  T H R E A D  ---------------

Current thread (0x00000257f5aca000):  VMThread "VM Thread" [stack: 0x00000098ccb00000,0x00000098ccc00000] [id=18888]

Stack: [0x00000098ccb00000,0x00000098ccc00000]
[error occurred during error reporting (printing stack bounds), id 0xc0000005, EXCEPTION_ACCESS_VIOLATION (0xc0000005) at pc=0x00000257df7e0f2d]

Native frames: (J=compiled Java code, j=interpreted, Vv=VM code, C=native code)
V  [jvm.dll+0x657ffa]
V  [jvm.dll+0x799f7f]
V  [jvm.dll+0x79b649]
V  [jvm.dll+0x79bc55]
V  [jvm.dll+0x79bc0b]
V  [jvm.dll+0x65750d]
V  [jvm.dll+0x657bf8]
C  [ntdll.dll+0x163e5f]
C  [ntdll.dll+0x1f358]
C  [ntdll.dll+0x16379e]
C  0x00000257df7e0f2d

VM_Operation (0x00000098ce5ff1f0): G1CollectFull, mode: safepoint, requested by thread 0x00000257fbedd000


---------------  P R O C E S S  ---------------

Threads class SMR info:
_java_thread_list=0x00000257f9407350, length=78, elements={
0x00000257d80dd800, 0x00000257f5acd000, 0x00000257f5ad1800, 0x00000257f5b2c800,
0x00000257f5b2f800, 0x00000257f5b32800, 0x00000257f5b33800, 0x00000257f5b38800,
0x00000257f5b3c000, 0x00000257f5e49800, 0x00000257f841f800, 0x00000257f8495000,
0x00000257f916e000, 0x00000257f82c4800, 0x00000257f84af800, 0x00000257f8d34000,
0x00000257f8ff4800, 0x00000257f96ea800, 0x00000257f94a6800, 0x00000257f91be800,
0x00000257f91be000, 0x00000257f91c2000, 0x00000257f91c1000, 0x00000257f91bf800,
0x00000257f91c0800, 0x00000257f91c3800, 0x00000257f91c4800, 0x00000257f91c3000,
0x00000257f8ae1800, 0x00000257f8ae2000, 0x00000257f8ae4000, 0x00000257f8ae3000,
0x00000257f8ae4800, 0x00000257f8ae7000, 0x00000257f8ae8000, 0x00000257f8ae5800,
0x00000257f8ae8800, 0x00000257f8ae6800, 0x00000257f8ae9800, 0x00000257f8aea800,
0x00000257f8aec000, 0x00000257f8aeb000, 0x00000257f8aee800, 0x00000257f8aef000,
0x00000257f8aed800, 0x00000257f8aed000, 0x00000257f8af0000, 0x00000257f8dba000,
0x00000257f8dbb000, 0x00000257f8dbd800, 0x00000257f8dbc800, 0x00000257f8dbe000,
0x00000257f8dbf800, 0x00000257f8dc0800, 0x00000257f8dc4000, 0x00000257f8dc1800,
0x00000257f8dc4800, 0x00000257f8dc3000, 0x00000257f8dc2000, 0x00000257f8dc5800,
0x00000257f8dc6000, 0x00000257fbed6000, 0x00000257fbed6800, 0x00000257fbeda000,
0x00000257fbed7800, 0x00000257fbedb000, 0x00000257fbedd000, 0x00000257fbedb800,
0x00000257fbede000, 0x00000257fbedf000, 0x00000257fbedc800, 0x00000257fbee0800,
0x00000257fbed9000, 0x00000257fbee1800, 0x00000257fbee2000, 0x00000257fbedf800,
0x00000257fbee3800, 0x00000257fbee4800
}

Java Threads: ( => current thread )
  0x00000257d80dd800 JavaThread "main" [_thread_in_native, id=23864, stack(0x00000098cc500000,0x00000098cc600000)]
  0x00000257f5acd000 JavaThread "Reference Handler" daemon [_thread_blocked, id=18028, stack(0x00000098ccc00000,0x00000098ccd00000)]
  0x00000257f5ad1800 JavaThread "Finalizer" daemon [_thread_blocked, id=21076, stack(0x00000098ccd00000,0x00000098cce00000)]
  0x00000257f5b2c800 JavaThread "Signal Dispatcher" daemon [_thread_blocked, id=15900, stack(0x00000098cce00000,0x00000098ccf00000)]
  0x00000257f5b2f800 JavaThread "Attach Listener" daemon [_thread_blocked, id=6160, stack(0x00000098ccf00000,0x00000098cd000000)]
  0x00000257f5b32800 JavaThread "Service Thread" daemon [_thread_blocked, id=24488, stack(0x00000098cd000000,0x00000098cd100000)]
  0x00000257f5b33800 JavaThread "C2 CompilerThread0" daemon [_thread_blocked, id=9884, stack(0x00000098cd100000,0x00000098cd200000)]
  0x00000257f5b38800 JavaThread "C1 CompilerThread0" daemon [_thread_blocked, id=2592, stack(0x00000098cd200000,0x00000098cd300000)]
  0x00000257f5b3c000 JavaThread "Sweeper thread" daemon [_thread_blocked, id=22272, stack(0x00000098cd300000,0x00000098cd400000)]
  0x00000257f5e49800 JavaThread "Common-Cleaner" daemon [_thread_blocked, id=18364, stack(0x00000098cd500000,0x00000098cd600000)]
  0x00000257f841f800 JavaThread "Thread-1" [_thread_in_native, id=3284, stack(0x00000098cdb00000,0x00000098cdc00000)]
  0x00000257f8495000 JavaThread "Thread-2" [_thread_in_native, id=21552, stack(0x00000098ce400000,0x00000098ce500000)]
  0x00000257f916e000 JavaThread "rpc-boss-3-1" daemon [_thread_in_native, id=17396, stack(0x00000098ce700000,0x00000098ce800000)]
  0x00000257f82c4800 JavaThread "dispatcher-event-loop-0" daemon [_thread_blocked, id=23672, stack(0x00000098ce800000,0x00000098ce900000)]
  0x00000257f84af800 JavaThread "dispatcher-event-loop-1" daemon [_thread_blocked, id=21472, stack(0x00000098ce900000,0x00000098cea00000)]
  0x00000257f8d34000 JavaThread "dispatcher-event-loop-2" daemon [_thread_blocked, id=7488, stack(0x00000098cea00000,0x00000098ceb00000)]
  0x00000257f8ff4800 JavaThread "dispatcher-event-loop-3" daemon [_thread_blocked, id=20040, stack(0x00000098ceb00000,0x00000098cec00000)]
  0x00000257f96ea800 JavaThread "dispatcher-event-loop-4" daemon [_thread_blocked, id=4528, stack(0x00000098cec00000,0x00000098ced00000)]
  0x00000257f94a6800 JavaThread "dispatcher-event-loop-5" daemon [_thread_blocked, id=12988, stack(0x00000098ced00000,0x00000098cee00000)]
  0x00000257f91be800 JavaThread "dispatcher-event-loop-6" daemon [_thread_blocked, id=23176, stack(0x00000098cee00000,0x00000098cef00000)]
  0x00000257f91be000 JavaThread "dispatcher-event-loop-7" daemon [_thread_blocked, id=5988, stack(0x00000098cef00000,0x00000098cf000000)]
  0x00000257f91c2000 JavaThread "dispatcher-event-loop-8" daemon [_thread_blocked, id=2240, stack(0x00000098cf000000,0x00000098cf100000)]
  0x00000257f91c1000 JavaThread "dispatcher-event-loop-9" daemon [_thread_blocked, id=19684, stack(0x00000098cf100000,0x00000098cf200000)]
  0x00000257f91bf800 JavaThread "dispatcher-event-loop-10" daemon [_thread_blocked, id=10740, stack(0x00000098cf200000,0x00000098cf300000)]
  0x00000257f91c0800 JavaThread "dispatcher-event-loop-11" daemon [_thread_blocked, id=24528, stack(0x00000098cf300000,0x00000098cf400000)]
  0x00000257f91c3800 JavaThread "dispatcher-event-loop-12" daemon [_thread_blocked, id=7220, stack(0x00000098cf400000,0x00000098cf500000)]
  0x00000257f91c4800 JavaThread "dispatcher-event-loop-13" daemon [_thread_blocked, id=15316, stack(0x00000098cf500000,0x00000098cf600000)]
  0x00000257f91c3000 JavaThread "dispatcher-event-loop-14" daemon [_thread_blocked, id=11104, stack(0x00000098cf600000,0x00000098cf700000)]
  0x00000257f8ae1800 JavaThread "dispatcher-event-loop-15" daemon [_thread_blocked, id=11784, stack(0x00000098cf700000,0x00000098cf800000)]
  0x00000257f8ae2000 JavaThread "dispatcher-event-loop-16" daemon [_thread_blocked, id=21836, stack(0x00000098cf800000,0x00000098cf900000)]
  0x00000257f8ae4000 JavaThread "dispatcher-event-loop-17" daemon [_thread_blocked, id=13572, stack(0x00000098cf900000,0x00000098cfa00000)]
  0x00000257f8ae3000 JavaThread "dispatcher-event-loop-18" daemon [_thread_blocked, id=12936, stack(0x00000098cfa00000,0x00000098cfb00000)]
  0x00000257f8ae4800 JavaThread "dispatcher-event-loop-19" daemon [_thread_blocked, id=24484, stack(0x00000098cfb00000,0x00000098cfc00000)]
  0x00000257f8ae7000 JavaThread "map-output-dispatcher-0" daemon [_thread_blocked, id=17816, stack(0x00000098cfc00000,0x00000098cfd00000)]
  0x00000257f8ae8000 JavaThread "map-output-dispatcher-1" daemon [_thread_blocked, id=7056, stack(0x00000098cfd00000,0x00000098cfe00000)]
  0x00000257f8ae5800 JavaThread "map-output-dispatcher-2" daemon [_thread_blocked, id=364, stack(0x00000098cfe00000,0x00000098cff00000)]
  0x00000257f8ae8800 JavaThread "map-output-dispatcher-3" daemon [_thread_blocked, id=2584, stack(0x00000098cff00000,0x00000098d0000000)]
  0x00000257f8ae6800 JavaThread "map-output-dispatcher-4" daemon [_thread_blocked, id=5700, stack(0x00000098d0000000,0x00000098d0100000)]
  0x00000257f8ae9800 JavaThread "map-output-dispatcher-5" daemon [_thread_blocked, id=4392, stack(0x00000098d0100000,0x00000098d0200000)]
  0x00000257f8aea800 JavaThread "map-output-dispatcher-6" daemon [_thread_blocked, id=14000, stack(0x00000098d0200000,0x00000098d0300000)]
  0x00000257f8aec000 JavaThread "map-output-dispatcher-7" daemon [_thread_blocked, id=11992, stack(0x00000098d0300000,0x00000098d0400000)]
  0x00000257f8aeb000 JavaThread "dispatcher-BlockManagerMaster" daemon [_thread_blocked, id=23600, stack(0x00000098ce600000,0x00000098ce700000)]
  0x00000257f8aee800 JavaThread "Thread-3" [_thread_in_native, id=21592, stack(0x00000098d0400000,0x00000098d0500000)]
  0x00000257f8aef000 JavaThread "dispatcher-BlockManagerEndpoint1" daemon [_thread_blocked, id=6276, stack(0x00000098d0500000,0x00000098d0600000)]
  0x00000257f8aed800 JavaThread "RemoteBlock-temp-file-clean-thread" daemon [_thread_blocked, id=19628, stack(0x00000098d0600000,0x00000098d0700000)]
  0x00000257f8aed000 JavaThread "refresh progress" daemon [_thread_blocked, id=8196, stack(0x00000098d0700000,0x00000098d0800000)]
  0x00000257f8af0000 JavaThread "SparkUI-60" daemon [_thread_in_native, id=15976, stack(0x00000098d0800000,0x00000098d0900000)]
  0x00000257f8dba000 JavaThread "SparkUI-61" daemon [_thread_in_native, id=12328, stack(0x00000098d0900000,0x00000098d0a00000)]
  0x00000257f8dbb000 JavaThread "SparkUI-66" daemon [_thread_in_native, id=11948, stack(0x00000098d0e00000,0x00000098d0f00000)]
  0x00000257f8dbd800 JavaThread "SparkUI-68" daemon [_thread_in_native, id=18532, stack(0x00000098d1000000,0x00000098d1100000)]
  0x00000257f8dbc800 JavaThread "SparkUI-69" daemon [_thread_in_native, id=12016, stack(0x00000098d1100000,0x00000098d1200000)]
  0x00000257f8dbe000 JavaThread "SparkUI-70-acceptor-0@6f5053b2-Spark@6197a028{HTTP/1.1, (http/1.1)}{0.0.0.0:4040}" daemon [_thread_in_native, id=12640, stack(0x00000098d1200000,0x00000098d1300000)]
  0x00000257f8dbf800 JavaThread "SparkUI-71-acceptor-1@657b5abb-Spark@6197a028{HTTP/1.1, (http/1.1)}{0.0.0.0:4040}" daemon [_thread_blocked, id=1524, stack(0x00000098d1300000,0x00000098d1400000)]
  0x00000257f8dc0800 JavaThread "dispatcher-HeartbeatReceiver" daemon [_thread_blocked, id=22468, stack(0x00000098d1400000,0x00000098d1500000)]
  0x00000257f8dc4000 JavaThread "heartbeat-receiver-event-loop-thread" daemon [_thread_blocked, id=11312, stack(0x00000098d1500000,0x00000098d1600000)]
  0x00000257f8dc1800 JavaThread "netty-rpc-env-timeout" daemon [_thread_blocked, id=23656, stack(0x00000098d1800000,0x00000098d1900000)]
  0x00000257f8dc4800 JavaThread "task-starvation-timer" daemon [_thread_blocked, id=19972, stack(0x00000098d1900000,0x00000098d1a00000)]
  0x00000257f8dc3000 JavaThread "task-abort-timer" daemon [_thread_blocked, id=6048, stack(0x00000098d1a00000,0x00000098d1b00000)]
  0x00000257f8dc2000 JavaThread "dispatcher-CoarseGrainedScheduler" daemon [_thread_blocked, id=20460, stack(0x00000098d1b00000,0x00000098d1c00000)]
  0x00000257f8dc5800 JavaThread "driver-revive-thread" daemon [_thread_blocked, id=24388, stack(0x00000098d1c00000,0x00000098d1d00000)]
  0x00000257f8dc6000 JavaThread "dag-scheduler-event-loop" daemon [_thread_blocked, id=21984, stack(0x00000098d1d00000,0x00000098d1e00000)]
  0x00000257fbed6000 JavaThread "driver-heartbeater" daemon [_thread_blocked, id=21600, stack(0x00000098d1e00000,0x00000098d1f00000)]
  0x00000257fbed6800 JavaThread "appclient-registration-retry-thread" daemon [_thread_blocked, id=22928, stack(0x00000098d2000000,0x00000098d2100000)]
  0x00000257fbeda000 JavaThread "rpc-client-1-1" daemon [_thread_blocked, id=20432, stack(0x00000098d2200000,0x00000098d2300000)]
  0x00000257fbed7800 JavaThread "shuffle-boss-6-1" daemon [_thread_in_native, id=23488, stack(0x00000098cd900000,0x00000098cda00000)]
  0x00000257fbedb000 JavaThread "Spark Context Cleaner" daemon [_thread_blocked, id=15808, stack(0x00000098cda00000,0x00000098cdb00000)]
  0x00000257fbedd000 JavaThread "context-cleaner-periodic-gc" daemon [_thread_blocked, id=12744, stack(0x00000098ce500000,0x00000098ce600000)]
  0x00000257fbedb800 JavaThread "spark-listener-group-appStatus" daemon [_thread_blocked, id=23464, stack(0x00000098d2400000,0x00000098d2500000)]
  0x00000257fbede000 JavaThread "spark-listener-group-executorManagement" daemon [_thread_blocked, id=22424, stack(0x00000098d2500000,0x00000098d2600000)]
  0x00000257fbedf000 JavaThread "element-tracking-store-worker" daemon [_thread_blocked, id=21676, stack(0x00000098d2700000,0x00000098d2800000)]
  0x00000257fbedc800 JavaThread "rpc-server-4-1" daemon [_thread_in_native, id=15620, stack(0x00000098cd600000,0x00000098cd700000)]
  0x00000257fbee0800 JavaThread "rpc-server-4-2" daemon [_thread_blocked, id=14996, stack(0x00000098cd700000,0x00000098cd800000)]
  0x00000257fbed9000 JavaThread "SparkUI-94" daemon [_thread_in_native, id=12536, stack(0x00000098cd400000,0x00000098cd500000)]
  0x00000257fbee1800 JavaThread "SparkUI-JettyScheduler-1" daemon [_thread_blocked, id=7644, stack(0x00000098d1f00000,0x00000098d2000000)]
  0x00000257fbee2000 JavaThread "SparkUI-96" daemon [_thread_in_native, id=22496, stack(0x00000098d2600000,0x00000098d2700000)]
  0x00000257fbedf800 JavaThread "SparkUI-97" daemon [_thread_in_native, id=19884, stack(0x00000098d2a00000,0x00000098d2b00000)]
  0x00000257fbee3800 JavaThread "SparkUI-98" daemon [_thread_in_native, id=18992, stack(0x00000098d2b00000,0x00000098d2c00000)]
  0x00000257fbee4800 JavaThread "SparkUI-99" daemon [_thread_in_native, id=7828, stack(0x00000098d2c00000,0x00000098d2d00000)]

Other Threads:
=>0x00000257f5aca000 VMThread "VM Thread" [stack: 0x00000098ccb00000,0x00000098ccc00000] [id=18888]
  0x00000257f5fd3800 WatcherThread [stack: 0x00000098cd800000,0x00000098cd900000] [id=19480]
  0x00000257d80f7000 GCTaskThread "GC Thread#0" [stack: 0x00000098cc600000,0x00000098cc700000] [id=21492]
  0x00000257f811d800 GCTaskThread "GC Thread#1" [stack: 0x00000098cdc00000,0x00000098cdd00000] [id=19344]
  0x00000257f77c7000 GCTaskThread "GC Thread#2" [stack: 0x00000098cdd00000,0x00000098cde00000] [id=23816]
  0x00000257f6aef000 GCTaskThread "GC Thread#3" [stack: 0x00000098cde00000,0x00000098cdf00000] [id=10548]
  0x00000257f61f2800 GCTaskThread "GC Thread#4" [stack: 0x00000098cdf00000,0x00000098ce000000] [id=17272]
  0x00000257f8028000 GCTaskThread "GC Thread#5" [stack: 0x00000098ce000000,0x00000098ce100000] [id=22008]
  0x00000257f8deb800 GCTaskThread "GC Thread#6" [stack: 0x00000098d1600000,0x00000098d1700000] [id=11908]
  0x00000257f8dec800 GCTaskThread "GC Thread#7" [stack: 0x00000098d1700000,0x00000098d1800000] [id=14644]
  0x00000257d8114800 ConcurrentGCThread "G1 Main Marker" [stack: 0x00000098cc700000,0x00000098cc800000] [id=15096]
  0x00000257d8116800 ConcurrentGCThread "G1 Conc#0" [stack: 0x00000098cc800000,0x00000098cc900000] [id=18932]
  0x00000257f7a47000 ConcurrentGCThread "G1 Conc#1" [stack: 0x00000098ce100000,0x00000098ce200000] [id=16344]
  0x00000257f88e5000 ConcurrentGCThread "G1 Conc#2" [stack: 0x00000098ce200000,0x00000098ce300000] [id=5596]
  0x00000257f88e6000 ConcurrentGCThread "G1 Conc#3" [stack: 0x00000098ce300000,0x00000098ce400000] [id=14620]
  0x00000257f5119800 ConcurrentGCThread "G1 Refine#0" [stack: 0x00000098cc900000,0x00000098cca00000] [id=8656]
  0x00000257f511c000 ConcurrentGCThread "G1 Young RemSet Sampling" [stack: 0x00000098cca00000,0x00000098ccb00000] [id=564]

Threads with active compile tasks:

VM state:at safepoint (normal execution)

VM Mutex/Monitor currently owned by a thread:  ([mutex/lock_event])
[0x00000257d80dba80] Threads_lock - owner thread: 0x00000257f5aca000
[0x00000257d80dc1d0] Heap_lock - owner thread: 0x00000257fbedd000

Heap address: 0x00000000c0000000, size: 1024 MB, Compressed Oops mode: 32-bit
Narrow klass base: 0x0000000000000000, Narrow klass shift: 3
Compressed class space size: 1073741824 Address: 0x0000000100000000

Heap:
 garbage-first heap   total 147456K, used 90019K [0x00000000c0000000, 0x0000000100000000)
  region size 1024K, 41 young (41984K), 0 survivors (0K)
 Metaspace       used 74127K, capacity 76734K, committed 76928K, reserved 1114112K
  class space    used 10012K, capacity 11281K, committed 11392K, reserved 1048576K
Heap Regions: E=young(eden), S=young(survivor), O=old, HS=humongous(starts), HC=humongous(continues), CS=collection set, F=free, A=archive, TAMS=top-at-mark-start (previous, next)
|   0|0x00000000c0000000, 0x00000000c0100000, 0x00000000c0100000|100%|HS|  |TAMS 0x00000000c0000000, 0x00000000c0000000| Untracked 
|   1|0x00000000c0100000, 0x00000000c0200000, 0x00000000c0200000|100%|HS|  |TAMS 0x00000000c0100000, 0x00000000c0100000| Untracked 
|   2|0x00000000c0200000, 0x00000000c0300000, 0x00000000c0300000|100%|HC|  |TAMS 0x00000000c0200000, 0x00000000c0200000| Untracked 
|   3|0x00000000c0300000, 0x00000000c0400000, 0x00000000c0400000|100%|HS|  |TAMS 0x00000000c0300000, 0x00000000c0300000| Untracked 
|   4|0x00000000c0400000, 0x00000000c0500000, 0x00000000c0500000|100%|HC|  |TAMS 0x00000000c0400000, 0x00000000c0400000| Untracked 
|   5|0x00000000c0500000, 0x00000000c0600000, 0x00000000c0600000|100%|HC|  |TAMS 0x00000000c0500000, 0x00000000c0500000| Untracked 
|   6|0x00000000c0600000, 0x00000000c0700000, 0x00000000c0700000|100%|HS|  |TAMS 0x00000000c0600000, 0x00000000c0600000| Untracked 
|   7|0x00000000c0700000, 0x00000000c0800000, 0x00000000c0800000|100%|HS|  |TAMS 0x00000000c0700000, 0x00000000c0700000| Untracked 
|   8|0x00000000c0800000, 0x00000000c0900000, 0x00000000c0900000|100%|HS|  |TAMS 0x00000000c0800000, 0x00000000c0800000| Untracked 
|   9|0x00000000c0900000, 0x00000000c09ffff8, 0x00000000c0a00000| 99%| O|  |TAMS 0x00000000c0900000, 0x00000000c0900000| Untracked 
|  10|0x00000000c0a00000, 0x00000000c0aea5d0, 0x00000000c0b00000| 91%| O|  |TAMS 0x00000000c0a00000, 0x00000000c0a00000| Untracked 
|  11|0x00000000c0b00000, 0x00000000c0bf7500, 0x00000000c0c00000| 96%| O|  |TAMS 0x00000000c0b00000, 0x00000000c0b00000| Untracked 
|  12|0x00000000c0c00000, 0x00000000c0cf8d18, 0x00000000c0d00000| 97%| O|  |TAMS 0x00000000c0c00000, 0x00000000c0c00000| Untracked 
|  13|0x00000000c0d00000, 0x00000000c0dff598, 0x00000000c0e00000| 99%| O|  |TAMS 0x00000000c0d00000, 0x00000000c0d00000| Untracked 
|  14|0x00000000c0e00000, 0x00000000c0efb720, 0x00000000c0f00000| 98%| O|  |TAMS 0x00000000c0e00000, 0x00000000c0e00000| Untracked 
|  15|0x00000000c0f00000, 0x00000000c0ffee00, 0x00000000c1000000| 99%| O|  |TAMS 0x00000000c0f00000, 0x00000000c0f00000| Untracked 
|  16|0x00000000c1000000, 0x00000000c10fffb0, 0x00000000c1100000| 99%| O|  |TAMS 0x00000000c1000000, 0x00000000c1000000| Untracked 
|  17|0x00000000c1100000, 0x00000000c11fea48, 0x00000000c1200000| 99%| O|  |TAMS 0x00000000c1100000, 0x00000000c1100000| Untracked 
|  18|0x00000000c1200000, 0x00000000c12fffd0, 0x00000000c1300000| 99%| O|  |TAMS 0x00000000c1200000, 0x00000000c1200000| Untracked 
|  19|0x00000000c1300000, 0x00000000c13fffe8, 0x00000000c1400000| 99%| O|  |TAMS 0x00000000c1300000, 0x00000000c1300000| Untracked 
|  20|0x00000000c1400000, 0x00000000c14ffff0, 0x00000000c1500000| 99%| O|  |TAMS 0x00000000c1400000, 0x00000000c1400000| Untracked 
|  21|0x00000000c1500000, 0x00000000c15fffc8, 0x00000000c1600000| 99%| O|  |TAMS 0x00000000c1500000, 0x00000000c1500000| Untracked 
|  22|0x00000000c1600000, 0x00000000c16fffc8, 0x00000000c1700000| 99%| O|  |TAMS 0x00000000c1600000, 0x00000000c1600000| Untracked 
|  23|0x00000000c1700000, 0x00000000c17ffff0, 0x00000000c1800000| 99%| O|  |TAMS 0x00000000c1700000, 0x00000000c1700000| Untracked 
|  24|0x00000000c1800000, 0x00000000c18ffff0, 0x00000000c1900000| 99%| O|  |TAMS 0x00000000c1800000, 0x00000000c1800000| Untracked 
|  25|0x00000000c1900000, 0x00000000c19fffd8, 0x00000000c1a00000| 99%| O|  |TAMS 0x00000000c1900000, 0x00000000c1900000| Untracked 
|  26|0x00000000c1a00000, 0x00000000c1afffa0, 0x00000000c1b00000| 99%| O|  |TAMS 0x00000000c1a00000, 0x00000000c1a00000| Untracked 
|  27|0x00000000c1b00000, 0x00000000c1bffcc8, 0x00000000c1c00000| 99%| O|  |TAMS 0x00000000c1b00000, 0x00000000c1b00000| Untracked 
|  28|0x00000000c1c00000, 0x00000000c1cffff8, 0x00000000c1d00000| 99%| O|  |TAMS 0x00000000c1c00000, 0x00000000c1c00000| Untracked 
|  29|0x00000000c1d00000, 0x00000000c1dfffc8, 0x00000000c1e00000| 99%| O|  |TAMS 0x00000000c1d00000, 0x00000000c1d00000| Untracked 
|  30|0x00000000c1e00000, 0x00000000c1e3ec00, 0x00000000c1f00000| 24%| O|  |TAMS 0x00000000c1e00000, 0x00000000c1e00000| Untracked 
|  31|0x00000000c1f00000, 0x00000000c2000000, 0x00000000c2000000|100%|HS|  |TAMS 0x00000000c1f00000, 0x00000000c1f00000| Complete 
|  32|0x00000000c2000000, 0x00000000c2100000, 0x00000000c2100000|100%|HS|  |TAMS 0x00000000c2000000, 0x00000000c2000000| Complete 
|  33|0x00000000c2100000, 0x00000000c2200000, 0x00000000c2200000|100%|HC|  |TAMS 0x00000000c2100000, 0x00000000c2100000| Complete 
|  34|0x00000000c2200000, 0x00000000c2300000, 0x00000000c2300000|100%|HS|  |TAMS 0x00000000c2200000, 0x00000000c2200000| Complete 
|  35|0x00000000c2300000, 0x00000000c2400000, 0x00000000c2400000|100%|HC|  |TAMS 0x00000000c2300000, 0x00000000c2300000| Complete 
|  36|0x00000000c2400000, 0x00000000c2500000, 0x00000000c2500000|100%|HS|  |TAMS 0x00000000c2400000, 0x00000000c2400000| Complete 
|  37|0x00000000c2500000, 0x00000000c2600000, 0x00000000c2600000|100%|HC|  |TAMS 0x00000000c2500000, 0x00000000c2500000| Complete 
|  38|0x00000000c2600000, 0x00000000c2700000, 0x00000000c2700000|100%|HS|  |TAMS 0x00000000c2600000, 0x00000000c2600000| Complete 
|  39|0x00000000c2700000, 0x00000000c2800000, 0x00000000c2800000|100%|HC|  |TAMS 0x00000000c2700000, 0x00000000c2700000| Complete 
|  40|0x00000000c2800000, 0x00000000c2800000, 0x00000000c2900000|  0%| F|  |TAMS 0x00000000c2800000, 0x00000000c2800000| Untracked 
|  41|0x00000000c2900000, 0x00000000c2900000, 0x00000000c2a00000|  0%| F|  |TAMS 0x00000000c2900000, 0x00000000c2900000| Untracked 
|  42|0x00000000c2a00000, 0x00000000c2a00000, 0x00000000c2b00000|  0%| F|  |TAMS 0x00000000c2a00000, 0x00000000c2a00000| Untracked 
|  43|0x00000000c2b00000, 0x00000000c2b00000, 0x00000000c2c00000|  0%| F|  |TAMS 0x00000000c2b00000, 0x00000000c2b00000| Untracked 
|  44|0x00000000c2c00000, 0x00000000c2c00000, 0x00000000c2d00000|  0%| F|  |TAMS 0x00000000c2c00000, 0x00000000c2c00000| Untracked 
|  45|0x00000000c2d00000, 0x00000000c2d00000, 0x00000000c2e00000|  0%| F|  |TAMS 0x00000000c2d00000, 0x00000000c2d00000| Untracked 
|  46|0x00000000c2e00000, 0x00000000c2e00000, 0x00000000c2f00000|  0%| F|  |TAMS 0x00000000c2e00000, 0x00000000c2e00000| Untracked 
|  47|0x00000000c2f00000, 0x00000000c2f00000, 0x00000000c3000000|  0%| F|  |TAMS 0x00000000c2f00000, 0x00000000c2f00000| Untracked 
|  48|0x00000000c3000000, 0x00000000c3000000, 0x00000000c3100000|  0%| F|  |TAMS 0x00000000c3000000, 0x00000000c3000000| Untracked 
|  49|0x00000000c3100000, 0x00000000c3100000, 0x00000000c3200000|  0%| F|  |TAMS 0x00000000c3100000, 0x00000000c3100000| Untracked 
|  50|0x00000000c3200000, 0x00000000c3200000, 0x00000000c3300000|  0%| F|  |TAMS 0x00000000c3200000, 0x00000000c3200000| Untracked 
|  51|0x00000000c3300000, 0x00000000c3300000, 0x00000000c3400000|  0%| F|  |TAMS 0x00000000c3300000, 0x00000000c3300000| Untracked 
|  52|0x00000000c3400000, 0x00000000c3400000, 0x00000000c3500000|  0%| F|  |TAMS 0x00000000c3400000, 0x00000000c3400000| Untracked 
|  53|0x00000000c3500000, 0x00000000c3500000, 0x00000000c3600000|  0%| F|  |TAMS 0x00000000c3500000, 0x00000000c3500000| Untracked 
|  54|0x00000000c3600000, 0x00000000c3600000, 0x00000000c3700000|  0%| F|  |TAMS 0x00000000c3600000, 0x00000000c3600000| Untracked 
|  55|0x00000000c3700000, 0x00000000c3700000, 0x00000000c3800000|  0%| F|  |TAMS 0x00000000c3700000, 0x00000000c3700000| Untracked 
|  56|0x00000000c3800000, 0x00000000c3800000, 0x00000000c3900000|  0%| F|  |TAMS 0x00000000c3800000, 0x00000000c3800000| Untracked 
|  57|0x00000000c3900000, 0x00000000c3900000, 0x00000000c3a00000|  0%| F|  |TAMS 0x00000000c3900000, 0x00000000c3900000| Untracked 
|  58|0x00000000c3a00000, 0x00000000c3a00000, 0x00000000c3b00000|  0%| F|  |TAMS 0x00000000c3a00000, 0x00000000c3a00000| Untracked 
|  59|0x00000000c3b00000, 0x00000000c3b00000, 0x00000000c3c00000|  0%| F|  |TAMS 0x00000000c3b00000, 0x00000000c3b00000| Untracked 
|  60|0x00000000c3c00000, 0x00000000c3c00000, 0x00000000c3d00000|  0%| F|  |TAMS 0x00000000c3c00000, 0x00000000c3c00000| Untracked 
|  61|0x00000000c3d00000, 0x00000000c3d00000, 0x00000000c3e00000|  0%| F|  |TAMS 0x00000000c3d00000, 0x00000000c3d00000| Untracked 
|  62|0x00000000c3e00000, 0x00000000c3e00000, 0x00000000c3f00000|  0%| F|  |TAMS 0x00000000c3e00000, 0x00000000c3e00000| Untracked 
|  63|0x00000000c3f00000, 0x00000000c3f00000, 0x00000000c4000000|  0%| F|  |TAMS 0x00000000c3f00000, 0x00000000c3f00000| Untracked 
|  64|0x00000000c4000000, 0x00000000c4000000, 0x00000000c4100000|  0%| F|  |TAMS 0x00000000c4000000, 0x00000000c4000000| Untracked 
|  65|0x00000000c4100000, 0x00000000c4100000, 0x00000000c4200000|  0%| F|  |TAMS 0x00000000c4100000, 0x00000000c4100000| Untracked 
|  66|0x00000000c4200000, 0x00000000c4200000, 0x00000000c4300000|  0%| F|  |TAMS 0x00000000c4200000, 0x00000000c4200000| Untracked 
|  67|0x00000000c4300000, 0x00000000c4300000, 0x00000000c4400000|  0%| F|  |TAMS 0x00000000c4300000, 0x00000000c4300000| Untracked 
|  68|0x00000000c4400000, 0x00000000c4400000, 0x00000000c4500000|  0%| F|  |TAMS 0x00000000c4400000, 0x00000000c4400000| Untracked 
|  69|0x00000000c4500000, 0x00000000c4500000, 0x00000000c4600000|  0%| F|  |TAMS 0x00000000c4500000, 0x00000000c4500000| Untracked 
|  70|0x00000000c4600000, 0x00000000c4600000, 0x00000000c4700000|  0%| F|  |TAMS 0x00000000c4600000, 0x00000000c4600000| Untracked 
|  71|0x00000000c4700000, 0x00000000c4700000, 0x00000000c4800000|  0%| F|  |TAMS 0x00000000c4700000, 0x00000000c4700000| Untracked 
|  72|0x00000000c4800000, 0x00000000c4800000, 0x00000000c4900000|  0%| F|  |TAMS 0x00000000c4800000, 0x00000000c4800000| Untracked 
|  73|0x00000000c4900000, 0x00000000c4900000, 0x00000000c4a00000|  0%| F|  |TAMS 0x00000000c4900000, 0x00000000c4900000| Untracked 
|  74|0x00000000c4a00000, 0x00000000c4a00000, 0x00000000c4b00000|  0%| F|  |TAMS 0x00000000c4a00000, 0x00000000c4a00000| Untracked 
|  75|0x00000000c4b00000, 0x00000000c4b00000, 0x00000000c4c00000|  0%| F|  |TAMS 0x00000000c4b00000, 0x00000000c4b00000| Untracked 
|  76|0x00000000c4c00000, 0x00000000c4c00000, 0x00000000c4d00000|  0%| F|  |TAMS 0x00000000c4c00000, 0x00000000c4c00000| Untracked 
|  77|0x00000000c4d00000, 0x00000000c4d00000, 0x00000000c4e00000|  0%| F|  |TAMS 0x00000000c4d00000, 0x00000000c4d00000| Untracked 
|  78|0x00000000c4e00000, 0x00000000c4e00000, 0x00000000c4f00000|  0%| F|  |TAMS 0x00000000c4e00000, 0x00000000c4e00000| Untracked 
|  79|0x00000000c4f00000, 0x00000000c4f00000, 0x00000000c5000000|  0%| F|  |TAMS 0x00000000c4f00000, 0x00000000c4f00000| Untracked 
|  80|0x00000000c5000000, 0x00000000c5000000, 0x00000000c5100000|  0%| F|  |TAMS 0x00000000c5000000, 0x00000000c5000000| Untracked 
|  81|0x00000000c5100000, 0x00000000c5100000, 0x00000000c5200000|  0%| F|  |TAMS 0x00000000c5100000, 0x00000000c5100000| Untracked 
|  82|0x00000000c5200000, 0x00000000c5200000, 0x00000000c5300000|  0%| F|  |TAMS 0x00000000c5200000, 0x00000000c5200000| Untracked 
|  83|0x00000000c5300000, 0x00000000c5300000, 0x00000000c5400000|  0%| F|  |TAMS 0x00000000c5300000, 0x00000000c5300000| Untracked 
|  84|0x00000000c5400000, 0x00000000c5400000, 0x00000000c5500000|  0%| F|  |TAMS 0x00000000c5400000, 0x00000000c5400000| Untracked 
|  85|0x00000000c5500000, 0x00000000c5500000, 0x00000000c5600000|  0%| F|  |TAMS 0x00000000c5500000, 0x00000000c5500000| Untracked 
|  86|0x00000000c5600000, 0x00000000c5600000, 0x00000000c5700000|  0%| F|  |TAMS 0x00000000c5600000, 0x00000000c5600000| Untracked 
|  87|0x00000000c5700000, 0x00000000c5700000, 0x00000000c5800000|  0%| F|  |TAMS 0x00000000c5700000, 0x00000000c5700000| Untracked 
|  88|0x00000000c5800000, 0x00000000c5800000, 0x00000000c5900000|  0%| F|  |TAMS 0x00000000c5800000, 0x00000000c5800000| Untracked 
|  89|0x00000000c5900000, 0x00000000c5900000, 0x00000000c5a00000|  0%| F|  |TAMS 0x00000000c5900000, 0x00000000c5900000| Untracked 
|  90|0x00000000c5a00000, 0x00000000c5a00000, 0x00000000c5b00000|  0%| F|  |TAMS 0x00000000c5a00000, 0x00000000c5a00000| Untracked 
|  91|0x00000000c5b00000, 0x00000000c5b8d488, 0x00000000c5c00000| 55%| E|  |TAMS 0x00000000c5b00000, 0x00000000c5b00000| Complete 
|  92|0x00000000c5c00000, 0x00000000c5d00000, 0x00000000c5d00000|100%| E|CS|TAMS 0x00000000c5c00000, 0x00000000c5c00000| Complete 
|  93|0x00000000c5d00000, 0x00000000c5dffff8, 0x00000000c5e00000| 99%| O|  |TAMS 0x00000000c5d00000, 0x00000000c5d00000| Untracked 
|  94|0x00000000c5e00000, 0x00000000c5f00000, 0x00000000c5f00000|100%| E|CS|TAMS 0x00000000c5e00000, 0x00000000c5e00000| Complete 
|  95|0x00000000c5f00000, 0x00000000c5fff5f0, 0x00000000c6000000| 99%| O|  |TAMS 0x00000000c5f00000, 0x00000000c5f00000| Untracked 
|  96|0x00000000c6000000, 0x00000000c60fffc8, 0x00000000c6100000| 99%| O|  |TAMS 0x00000000c6000000, 0x00000000c6000000| Untracked 
|  97|0x00000000c6100000, 0x00000000c61fffb0, 0x00000000c6200000| 99%| O|  |TAMS 0x00000000c6100000, 0x00000000c6100000| Untracked 
|  98|0x00000000c6200000, 0x00000000c62fff98, 0x00000000c6300000| 99%| O|  |TAMS 0x00000000c6200000, 0x00000000c6200000| Untracked 
|  99|0x00000000c6300000, 0x00000000c63fffb8, 0x00000000c6400000| 99%| O|  |TAMS 0x00000000c6300000, 0x00000000c6300000| Untracked 
| 100|0x00000000c6400000, 0x00000000c64d8770, 0x00000000c6500000| 84%| O|  |TAMS 0x00000000c6400000, 0x00000000c6400000| Untracked 
| 101|0x00000000c6500000, 0x00000000c6600000, 0x00000000c6600000|100%| E|CS|TAMS 0x00000000c6500000, 0x00000000c6500000| Complete 
| 102|0x00000000c6600000, 0x00000000c66fb2c0, 0x00000000c6700000| 98%| O|  |TAMS 0x00000000c6600000, 0x00000000c6600000| Untracked 
| 103|0x00000000c6700000, 0x00000000c67f0fa0, 0x00000000c6800000| 94%| O|  |TAMS 0x00000000c6700000, 0x00000000c6700000| Untracked 
| 104|0x00000000c6800000, 0x00000000c68f4b88, 0x00000000c6900000| 95%| O|  |TAMS 0x00000000c6800000, 0x00000000c6800000| Untracked 
| 105|0x00000000c6900000, 0x00000000c691a510, 0x00000000c6a00000| 10%| O|  |TAMS 0x00000000c6900000, 0x00000000c6900000| Untracked 
| 106|0x00000000c6a00000, 0x00000000c6b00000, 0x00000000c6b00000|100%| E|CS|TAMS 0x00000000c6a00000, 0x00000000c6a00000| Complete 
| 107|0x00000000c6b00000, 0x00000000c6c00000, 0x00000000c6c00000|100%| E|CS|TAMS 0x00000000c6b00000, 0x00000000c6b00000| Complete 
| 108|0x00000000c6c00000, 0x00000000c6d00000, 0x00000000c6d00000|100%| E|CS|TAMS 0x00000000c6c00000, 0x00000000c6c00000| Complete 
| 109|0x00000000c6d00000, 0x00000000c6e00000, 0x00000000c6e00000|100%| E|CS|TAMS 0x00000000c6d00000, 0x00000000c6d00000| Complete 
| 110|0x00000000c6e00000, 0x00000000c6f00000, 0x00000000c6f00000|100%| E|CS|TAMS 0x00000000c6e00000, 0x00000000c6e00000| Complete 
| 111|0x00000000c6f00000, 0x00000000c7000000, 0x00000000c7000000|100%| E|CS|TAMS 0x00000000c6f00000, 0x00000000c6f00000| Complete 
| 112|0x00000000c7000000, 0x00000000c7100000, 0x00000000c7100000|100%| E|CS|TAMS 0x00000000c7000000, 0x00000000c7000000| Complete 
| 113|0x00000000c7100000, 0x00000000c7200000, 0x00000000c7200000|100%| E|CS|TAMS 0x00000000c7100000, 0x00000000c7100000| Complete 
| 114|0x00000000c7200000, 0x00000000c7300000, 0x00000000c7300000|100%| E|CS|TAMS 0x00000000c7200000, 0x00000000c7200000| Complete 
| 115|0x00000000c7300000, 0x00000000c7400000, 0x00000000c7400000|100%| E|CS|TAMS 0x00000000c7300000, 0x00000000c7300000| Complete 
| 116|0x00000000c7400000, 0x00000000c7500000, 0x00000000c7500000|100%| E|CS|TAMS 0x00000000c7400000, 0x00000000c7400000| Complete 
| 117|0x00000000c7500000, 0x00000000c7504b78, 0x00000000c7600000|  1%| O|  |TAMS 0x00000000c7500000, 0x00000000c7500000| Untracked 
| 118|0x00000000c7600000, 0x00000000c7700000, 0x00000000c7700000|100%| E|CS|TAMS 0x00000000c7600000, 0x00000000c7600000| Complete 
| 119|0x00000000c7700000, 0x00000000c7800000, 0x00000000c7800000|100%| E|CS|TAMS 0x00000000c7700000, 0x00000000c7700000| Complete 
| 120|0x00000000c7800000, 0x00000000c7900000, 0x00000000c7900000|100%| E|CS|TAMS 0x00000000c7800000, 0x00000000c7800000| Complete 
| 121|0x00000000c7900000, 0x00000000c7a00000, 0x00000000c7a00000|100%| E|CS|TAMS 0x00000000c7900000, 0x00000000c7900000| Complete 
| 122|0x00000000c7a00000, 0x00000000c7b00000, 0x00000000c7b00000|100%| E|CS|TAMS 0x00000000c7a00000, 0x00000000c7a00000| Complete 
| 123|0x00000000c7b00000, 0x00000000c7c00000, 0x00000000c7c00000|100%| E|CS|TAMS 0x00000000c7b00000, 0x00000000c7b00000| Complete 
| 124|0x00000000c7c00000, 0x00000000c7d00000, 0x00000000c7d00000|100%| E|CS|TAMS 0x00000000c7c00000, 0x00000000c7c00000| Complete 
| 125|0x00000000c7d00000, 0x00000000c7e00000, 0x00000000c7e00000|100%| E|CS|TAMS 0x00000000c7d00000, 0x00000000c7d00000| Complete 
| 126|0x00000000c7e00000, 0x00000000c7f00000, 0x00000000c7f00000|100%| E|CS|TAMS 0x00000000c7e00000, 0x00000000c7e00000| Complete 
| 127|0x00000000c7f00000, 0x00000000c8000000, 0x00000000c8000000|100%| E|CS|TAMS 0x00000000c7f00000, 0x00000000c7f00000| Complete 
| 128|0x00000000c8000000, 0x00000000c8100000, 0x00000000c8100000|100%| E|CS|TAMS 0x00000000c8000000, 0x00000000c8000000| Complete 
| 129|0x00000000c8100000, 0x00000000c8200000, 0x00000000c8200000|100%| E|CS|TAMS 0x00000000c8100000, 0x00000000c8100000| Complete 
| 130|0x00000000c8200000, 0x00000000c8300000, 0x00000000c8300000|100%| E|CS|TAMS 0x00000000c8200000, 0x00000000c8200000| Complete 
| 131|0x00000000c8300000, 0x00000000c8400000, 0x00000000c8400000|100%| E|CS|TAMS 0x00000000c8300000, 0x00000000c8300000| Complete 
| 132|0x00000000c8400000, 0x00000000c8500000, 0x00000000c8500000|100%| E|CS|TAMS 0x00000000c8400000, 0x00000000c8400000| Complete 
| 133|0x00000000c8500000, 0x00000000c8600000, 0x00000000c8600000|100%| E|  |TAMS 0x00000000c8500000, 0x00000000c8500000| Complete 
| 134|0x00000000c8600000, 0x00000000c8700000, 0x00000000c8700000|100%| E|CS|TAMS 0x00000000c8600000, 0x00000000c8600000| Complete 
| 135|0x00000000c8700000, 0x00000000c8800000, 0x00000000c8800000|100%| E|CS|TAMS 0x00000000c8700000, 0x00000000c8700000| Complete 
| 136|0x00000000c8800000, 0x00000000c8900000, 0x00000000c8900000|100%| E|CS|TAMS 0x00000000c8800000, 0x00000000c8800000| Complete 
| 137|0x00000000c8900000, 0x00000000c8a00000, 0x00000000c8a00000|100%| E|CS|TAMS 0x00000000c8900000, 0x00000000c8900000| Complete 
| 138|0x00000000c8a00000, 0x00000000c8b00000, 0x00000000c8b00000|100%| E|CS|TAMS 0x00000000c8a00000, 0x00000000c8a00000| Complete 
| 139|0x00000000c8b00000, 0x00000000c8c00000, 0x00000000c8c00000|100%| E|CS|TAMS 0x00000000c8b00000, 0x00000000c8b00000| Complete 
| 140|0x00000000c8c00000, 0x00000000c8d00000, 0x00000000c8d00000|100%| E|CS|TAMS 0x00000000c8c00000, 0x00000000c8c00000| Complete 
| 141|0x00000000c8d00000, 0x00000000c8e00000, 0x00000000c8e00000|100%| E|CS|TAMS 0x00000000c8d00000, 0x00000000c8d00000| Complete 
| 142|0x00000000c8e00000, 0x00000000c8f00000, 0x00000000c8f00000|100%| E|CS|TAMS 0x00000000c8e00000, 0x00000000c8e00000| Complete 
| 143|0x00000000c8f00000, 0x00000000c9000000, 0x00000000c9000000|100%| E|CS|TAMS 0x00000000c8f00000, 0x00000000c8f00000| Complete 

Card table byte_map: [0x00000257efbd0000,0x00000257efdd0000] _byte_map_base: 0x00000257ef5d0000

Marking Bits (Prev, Next): (CMBitMap*) 0x00000257d810fb40, (CMBitMap*) 0x00000257d810fb08
 Prev Bits: [0x00000257f0fd0000, 0x00000257f1fd0000)
 Next Bits: [0x00000257effd0000, 0x00000257f0fd0000)

Polling page: 0x00000257d6810000

Metaspace:

Usage:
  Non-class:     63.92 MB capacity,    62.61 MB ( 98%) used,     1.00 MB (  2%) free+waste,   310.44 KB ( <1%) overhead. 
      Class:     11.02 MB capacity,     9.78 MB ( 89%) used,     1.07 MB ( 10%) free+waste,   172.31 KB (  2%) overhead. 
       Both:     74.94 MB capacity,    72.39 MB ( 97%) used,     2.07 MB (  3%) free+waste,   482.75 KB ( <1%) overhead. 

Virtual space:
  Non-class space:       64.00 MB reserved,      64.00 MB (100%) committed 
      Class space:        1.00 GB reserved,      11.12 MB (  1%) committed 
             Both:        1.06 GB reserved,      75.12 MB (  7%) committed 

Chunk freelists:
   Non-Class:  2.38 KB
       Class:  1.88 KB
        Both:  4.25 KB

CodeHeap 'non-profiled nmethods': size=119168Kb used=4146Kb max_used=4146Kb free=115021Kb
 bounds [0x00000257e7380000, 0x00000257e7790000, 0x00000257ee7e0000]
CodeHeap 'profiled nmethods': size=119168Kb used=14840Kb max_used=14840Kb free=104327Kb
 bounds [0x00000257dff20000, 0x00000257e0da0000, 0x00000257e7380000]
CodeHeap 'non-nmethods': size=7424Kb used=1298Kb max_used=3045Kb free=6125Kb
 bounds [0x00000257df7e0000, 0x00000257dfbf0000, 0x00000257dff20000]
 total_blobs=8372 nmethods=7655 adapters=628
 compilation: enabled
              stopped_count=0, restarted_count=0
 full_count=0

Compilation events (10 events):
Event: 1767.770 Thread 0x00000257f5b33800 7652       4       scala.collection.TraversableOnce::toArray (45 bytes)
Event: 1767.773 Thread 0x00000257f5b33800 nmethod 7652 0x00000257e7787c90 code [0x00000257e7787e60, 0x00000257e7788238]
Event: 1776.299 Thread 0x00000257f5b33800 7653       4       java.util.concurrent.ConcurrentSkipListMap::doPut (548 bytes)
Event: 1778.348 Thread 0x00000257f5b33800 nmethod 7653 0x00000257e7788590 code [0x00000257e77887e0, 0x00000257e778a728]
Event: 1783.279 Thread 0x00000257f5b33800 7654       4       io.netty.channel.AbstractChannelHandlerContext::skipContext (34 bytes)
Event: 1783.281 Thread 0x00000257f5b33800 nmethod 7654 0x00000257e778bc10 code [0x00000257e778bda0, 0x00000257e778bf18]
Event: 1793.314 Thread 0x00000257f5b33800 7655       4       java.io.ObjectStreamClass::requireInitialized (18 bytes)
Event: 1793.314 Thread 0x00000257f5b33800 nmethod 7655 0x00000257e778c190 code [0x00000257e778c300, 0x00000257e778c378]
Event: 1793.761 Thread 0x00000257f5b33800 7656       4       java.util.concurrent.locks.AbstractQueuedSynchronizer$ConditionObject::addConditionWaiter (79 bytes)
Event: 1794.777 Thread 0x00000257f5b33800 nmethod 7656 0x00000257e778c410 code [0x00000257e778c5a0, 0x00000257e778c9a8]

GC Heap History (10 events):
Event: 1.947 GC heap before
{Heap before GC invocations=5 (full 0):
 garbage-first heap   total 258048K, used 103503K [0x00000000c0000000, 0x0000000100000000)
  region size 1024K, 82 young (83968K), 5 survivors (5120K)
 Metaspace       used 34801K, capacity 35578K, committed 35628K, reserved 1081344K
  class space    used 4459K, capacity 4850K, committed 4864K, reserved 1048576K
}
Event: 1.954 GC heap after
{Heap after GC invocations=6 (full 0):
 garbage-first heap   total 258048K, used 29515K [0x00000000c0000000, 0x0000000100000000)
  region size 1024K, 9 young (9216K), 9 survivors (9216K)
 Metaspace       used 34801K, capacity 35578K, committed 35628K, reserved 1081344K
  class space    used 4459K, capacity 4850K, committed 4864K, reserved 1048576K
}
Event: 2.687 GC heap before
{Heap before GC invocations=7 (full 0):
 garbage-first heap   total 258048K, used 138059K [0x00000000c0000000, 0x0000000100000000)
  region size 1024K, 116 young (118784K), 9 survivors (9216K)
 Metaspace       used 47106K, capacity 48324K, committed 48512K, reserved 1091584K
  class space    used 6134K, capacity 6719K, committed 6784K, reserved 1048576K
}
Event: 2.723 GC heap after
{Heap after GC invocations=8 (full 0):
 garbage-first heap   total 258048K, used 33423K [0x00000000c0000000, 0x0000000100000000)
  region size 1024K, 10 young (10240K), 10 survivors (10240K)
 Metaspace       used 47106K, capacity 48324K, committed 48512K, reserved 1091584K
  class space    used 6134K, capacity 6719K, committed 6784K, reserved 1048576K
}
Event: 3.262 GC heap before
{Heap before GC invocations=8 (full 0):
 garbage-first heap   total 258048K, used 117391K [0x00000000c0000000, 0x0000000100000000)
  region size 1024K, 94 young (96256K), 10 survivors (10240K)
 Metaspace       used 58113K, capacity 59798K, committed 59808K, reserved 1101824K
  class space    used 7480K, capacity 8320K, committed 8320K, reserved 1048576K
}
Event: 3.292 GC heap after
{Heap after GC invocations=9 (full 0):
 garbage-first heap   total 258048K, used 36918K [0x00000000c0000000, 0x0000000100000000)
  region size 1024K, 14 young (14336K), 14 survivors (14336K)
 Metaspace       used 58113K, capacity 59798K, committed 59808K, reserved 1101824K
  class space    used 7480K, capacity 8320K, committed 8320K, reserved 1048576K
}
Event: 27.446 GC heap before
{Heap before GC invocations=10 (full 0):
 garbage-first heap   total 258048K, used 173110K [0x00000000c0000000, 0x0000000100000000)
  region size 1024K, 147 young (150528K), 14 survivors (14336K)
 Metaspace       used 71144K, capacity 73540K, committed 73728K, reserved 1112064K
  class space    used 9736K, capacity 10922K, committed 11008K, reserved 1048576K
}
Event: 27.454 GC heap after
{Heap after GC invocations=11 (full 0):
 garbage-first heap   total 258048K, used 42023K [0x00000000c0000000, 0x0000000100000000)
  region size 1024K, 13 young (13312K), 13 survivors (13312K)
 Metaspace       used 71144K, capacity 73540K, committed 73728K, reserved 1112064K
  class space    used 9736K, capacity 10922K, committed 11008K, reserved 1048576K
}
Event: 45.617 GC heap before
{Heap before GC invocations=11 (full 0):
 garbage-first heap   total 258048K, used 64551K [0x00000000c0000000, 0x0000000100000000)
  region size 1024K, 36 young (36864K), 13 survivors (13312K)
 Metaspace       used 72982K, capacity 75513K, committed 75776K, reserved 1114112K
  class space    used 10005K, capacity 11253K, committed 11264K, reserved 1048576K
}
Event: 45.702 GC heap after
{Heap after GC invocations=12 (full 1):
 garbage-first heap   total 147456K, used 40867K [0x00000000c0000000, 0x0000000100000000)
  region size 1024K, 0 young (0K), 0 survivors (0K)
 Metaspace       used 72946K, capacity 75461K, committed 75776K, reserved 1114112K
  class space    used 9993K, capacity 11234K, committed 11264K, reserved 1048576K
}

Deoptimization events (10 events):
Event: 45.360 Thread 0x00000257f8db9000 Uncommon trap: reason=profile_predicate action=maybe_recompile pc=0x00000257e7695fc0 method=java.lang.PublicMethods$MethodList.filter([Ljava/lang/reflect/Method;Ljava/lang/String;[Ljava/lang/Class;Z)Ljava/lang/PublicMethods$MethodList; @ 21 c2
Event: 49.115 Thread 0x00000257fbee3800 Uncommon trap: reason=class_check action=maybe_recompile pc=0x00000257e76f3a34 method=scala.xml.Atom.buildString(Lscala/collection/mutable/StringBuilder;)Lscala/collection/mutable/StringBuilder; @ 7 c2
Event: 49.116 Thread 0x00000257fbee3800 Uncommon trap: reason=class_check action=maybe_recompile pc=0x00000257e76f3a34 method=scala.xml.Atom.buildString(Lscala/collection/mutable/StringBuilder;)Lscala/collection/mutable/StringBuilder; @ 7 c2
Event: 49.252 Thread 0x00000257fbee4800 Uncommon trap: reason=intrinsic_or_type_checked_inlining action=make_not_entrant pc=0x00000257e768c554 method=java.util.Arrays.copyOf([Ljava/lang/Object;ILjava/lang/Class;)[Ljava/lang/Object; @ 35 c2
Event: 130.759 Thread 0x00000257f8dc2000 Uncommon trap: reason=array_check action=maybe_recompile pc=0x00000257e771a738 method=scala.runtime.ScalaRunTime$.array_update(Ljava/lang/Object;ILjava/lang/Object;)V @ 13 c2
Event: 131.757 Thread 0x00000257f8dc2000 Uncommon trap: reason=array_check action=maybe_recompile pc=0x00000257e771a738 method=scala.runtime.ScalaRunTime$.array_update(Ljava/lang/Object;ILjava/lang/Object;)V @ 13 c2
Event: 132.754 Thread 0x00000257f8dc2000 Uncommon trap: reason=array_check action=maybe_recompile pc=0x00000257e771a738 method=scala.runtime.ScalaRunTime$.array_update(Ljava/lang/Object;ILjava/lang/Object;)V @ 13 c2
Event: 133.756 Thread 0x00000257f8dc2000 Uncommon trap: reason=array_check action=maybe_recompile pc=0x00000257e771a738 method=scala.runtime.ScalaRunTime$.array_update(Ljava/lang/Object;ILjava/lang/Object;)V @ 13 c2
Event: 147.842 Thread 0x00000257f8db7800 Uncommon trap: reason=unstable_if action=reinterpret pc=0x00000257e7430730 method=java.util.concurrent.ConcurrentHashMap.addCount(JI)V @ 34 c2
Event: 147.842 Thread 0x00000257f71fc000 Uncommon trap: reason=unstable_if action=reinterpret pc=0x00000257e7430730 method=java.util.concurrent.ConcurrentHashMap.addCount(JI)V @ 34 c2

Classes redefined (0 events):
No events

Internal exceptions (10 events):
Event: 27.205 Thread 0x00000257f8db9000 Exception <a 'java/lang/NoSuchMethodError'{0x00000000c8449938}: java.lang.invoke.DirectMethodHandle$Holder.invokeStatic(Ljava/lang/Object;Ljava/lang/Object;Ljava/lang/Object;Ljava/lang/Object;Ljava/lang/Object;)I> (0x00000000c8449938) thrown at [./open/sr
Event: 27.205 Thread 0x00000257f8db9000 Exception <a 'java/lang/NoSuchMethodError'{0x00000000c8457278}: java.lang.invoke.DirectMethodHandle$Holder.invokeSpecialIFC(Ljava/lang/Object;Ljava/lang/Object;Ljava/lang/Object;Ljava/lang/Object;)I> (0x00000000c8457278) thrown at [./open/src/hotspot/shar
Event: 27.331 Thread 0x00000257f8db9000 Exception <a 'java/lang/NoSuchMethodError'{0x00000000c7662cf0}: java.lang.invoke.DirectMethodHandle$Holder.invokeSpecial(Ljava/lang/Object;Ljava/lang/Object;Ljava/lang/Object;Ljava/lang/Object;Ljava/lang/Object;Ljava/lang/Object;Ljava/lang/Object;Ljava/la
Event: 27.331 Thread 0x00000257f8db9000 Exception <a 'java/lang/NoSuchMethodError'{0x00000000c7666c40}: java.lang.invoke.Invokers$Holder.linkToTargetMethod(Ljava/lang/Object;Ljava/lang/Object;Ljava/lang/Object;Ljava/lang/Object;Ljava/lang/Object;Ljava/lang/Object;Ljava/lang/Object;Ljava/lang/Ob
Event: 27.394 Thread 0x00000257f8db9000 Implicit null exception at 0x00000257e7434b55 to 0x00000257e7434d28
Event: 27.411 Thread 0x00000257f8db9000 Exception <a 'java/lang/NoSuchMethodError'{0x00000000c6c14180}: java.lang.invoke.DirectMethodHandle$Holder.invokeStaticInit(Ljava/lang/Object;I)Ljava/lang/Object;> (0x00000000c6c14180) thrown at [./open/src/hotspot/share/interpreter/linkResolver.cpp, line
Event: 27.429 Thread 0x00000257f8db9000 Exception <a 'java/lang/NoSuchMethodError'{0x00000000c6a46f58}: java.lang.invoke.DirectMethodHandle$Holder.invokeStatic(Ljava/lang/Object;Ljava/lang/Object;Ljava/lang/Object;Ljava/lang/Object;Ljava/lang/Object;Ljava/lang/Object;ILjava/lang/Object;)Ljava/l
Event: 27.430 Thread 0x00000257f8db9000 Exception <a 'java/lang/NoSuchMethodError'{0x00000000c6a523f8}: java.lang.invoke.DirectMethodHandle$Holder.invokeStatic(Ljava/lang/Object;Ljava/lang/Object;Ljava/lang/Object;Ljava/lang/Object;Ljava/lang/Object;Ljava/lang/Object;I)Ljava/lang/Object;> (0x00
Event: 27.430 Thread 0x00000257f8db9000 Exception <a 'java/lang/NoSuchMethodError'{0x00000000c6a56308}: java.lang.invoke.DirectMethodHandle$Holder.invokeSpecial(Ljava/lang/Object;Ljava/lang/Object;Ljava/lang/Object;Ljava/lang/Object;Ljava/lang/Object;Ljava/lang/Object;Ljava/lang/Object;I)Ljava/
Event: 27.439 Thread 0x00000257f8db9000 Exception <a 'java/lang/NoSuchMethodError'{0x00000000c6968970}: java.lang.invoke.DirectMethodHandle$Holder.invokeStatic(Ljava/lang/Object;IILjava/lang/Object;)Ljava/lang/Object;> (0x00000000c6968970) thrown at [./open/src/hotspot/share/interpreter/linkRes

Events (10 events):
Event: 1753.377 Executing VM operation: RevokeBias done
Event: 1763.209 Executing VM operation: RevokeBias
Event: 1763.209 Executing VM operation: RevokeBias done
Event: 1773.248 Executing VM operation: RevokeBias
Event: 1773.248 Executing VM operation: RevokeBias done
Event: 1783.279 Executing VM operation: RevokeBias
Event: 1783.279 Executing VM operation: RevokeBias done
Event: 1793.315 Executing VM operation: RevokeBias
Event: 1793.315 Executing VM operation: RevokeBias done
Event: 1803.124 Executing VM operation: G1CollectFull


Dynamic libraries:
0x00007ff74e9d0000 - 0x00007ff74e9e0000 	C:\Program Files\Java\jdk-11\bin\java.exe
0x00007ffcd62e0000 - 0x00007ffcd6543000 	C:\WINDOWS\SYSTEM32\ntdll.dll
0x00007ffcd5b60000 - 0x00007ffcd5c28000 	C:\WINDOWS\System32\KERNEL32.DLL
0x00007ffcd3760000 - 0x00007ffcd3b12000 	C:\WINDOWS\System32\KERNELBASE.dll
0x00007ffcd3c50000 - 0x00007ffcd3d9b000 	C:\WINDOWS\System32\ucrtbase.dll
0x00007ffca4060000 - 0x00007ffca4079000 	C:\Program Files\Java\jdk-11\bin\jli.dll
0x00007ffc9ea80000 - 0x00007ffc9ea9b000 	C:\Program Files\Java\jdk-11\bin\VCRUNTIME140.dll
0x00007ffcd41f0000 - 0x00007ffcd42a4000 	C:\WINDOWS\System32\ADVAPI32.dll
0x00007ffcd4950000 - 0x00007ffcd49f9000 	C:\WINDOWS\System32\msvcrt.dll
0x00007ffcd4c20000 - 0x00007ffcd4cc6000 	C:\WINDOWS\System32\sechost.dll
0x00007ffcd5a40000 - 0x00007ffcd5b56000 	C:\WINDOWS\System32\RPCRT4.dll
0x00007ffcd4480000 - 0x00007ffcd4648000 	C:\WINDOWS\System32\USER32.dll
0x00007ffcd3da0000 - 0x00007ffcd3dc7000 	C:\WINDOWS\System32\win32u.dll
0x00007ffcd4340000 - 0x00007ffcd436a000 	C:\WINDOWS\System32\GDI32.dll
0x00007ffcba590000 - 0x00007ffcba820000 	C:\WINDOWS\WinSxS\amd64_microsoft.windows.common-controls_6595b64144ccf1df_6.0.26100.2454_none_3e0b68a2e331ad60\COMCTL32.dll
0x00007ffcd3b20000 - 0x00007ffcd3c4b000 	C:\WINDOWS\System32\gdi32full.dll
0x00007ffcd36b0000 - 0x00007ffcd3753000 	C:\WINDOWS\System32\msvcp_win.dll
0x00007ffcc7be0000 - 0x00007ffcc7beb000 	C:\WINDOWS\SYSTEM32\VERSION.dll
0x00007ffcd4be0000 - 0x00007ffcd4c0f000 	C:\WINDOWS\System32\IMM32.DLL
0x00007ffca40b0000 - 0x00007ffca40bc000 	C:\Program Files\Java\jdk-11\bin\vcruntime140_1.dll
0x00007ffc35390000 - 0x00007ffc3541e000 	C:\Program Files\Java\jdk-11\bin\msvcp140.dll
0x00007ffc1eea0000 - 0x00007ffc1fa02000 	C:\Program Files\Java\jdk-11\bin\server\jvm.dll
0x00007ffcd4140000 - 0x00007ffcd4148000 	C:\WINDOWS\System32\PSAPI.DLL
0x00007ffcc7ba0000 - 0x00007ffcc7bd6000 	C:\WINDOWS\SYSTEM32\WINMM.dll
0x00007ffcb30d0000 - 0x00007ffcb30da000 	C:\WINDOWS\SYSTEM32\WSOCK32.dll
0x00007ffcd50c0000 - 0x00007ffcd5134000 	C:\WINDOWS\System32\WS2_32.dll
0x00007ffcd2560000 - 0x00007ffcd257a000 	C:\WINDOWS\SYSTEM32\kernel.appcore.dll
0x00007ffc9fb40000 - 0x00007ffc9fb50000 	C:\Program Files\Java\jdk-11\bin\verify.dll
0x00007ffcd0eb0000 - 0x00007ffcd10f1000 	C:\WINDOWS\SYSTEM32\DBGHELP.DLL
0x00007ffcd4cd0000 - 0x00007ffcd504e000 	C:\WINDOWS\System32\combase.dll
0x00007ffcd43a0000 - 0x00007ffcd4476000 	C:\WINDOWS\System32\OLEAUT32.dll
0x00007ffcc8d10000 - 0x00007ffcc8d49000 	C:\WINDOWS\SYSTEM32\dbgcore.DLL
0x00007ffcd4010000 - 0x00007ffcd40a9000 	C:\WINDOWS\System32\bcryptPrimitives.dll
0x00007ffc6ebc0000 - 0x00007ffc6ebe8000 	C:\Program Files\Java\jdk-11\bin\java.dll
0x00007ffc9dc00000 - 0x00007ffc9dc0a000 	C:\Program Files\Java\jdk-11\bin\jimage.dll
0x00007ffc900d0000 - 0x00007ffc900e7000 	C:\Program Files\Java\jdk-11\bin\zip.dll
0x00007ffcd5220000 - 0x00007ffcd5921000 	C:\WINDOWS\System32\SHELL32.dll
0x00007ffcd1390000 - 0x00007ffcd1bc1000 	C:\WINDOWS\SYSTEM32\windows.storage.dll
0x00007ffcd5140000 - 0x00007ffcd521a000 	C:\WINDOWS\System32\SHCORE.dll
0x00007ffcd5060000 - 0x00007ffcd50bd000 	C:\WINDOWS\System32\shlwapi.dll
0x00007ffcd35c0000 - 0x00007ffcd35ee000 	C:\WINDOWS\SYSTEM32\profapi.dll
0x00007ffc6eba0000 - 0x00007ffc6ebb9000 	C:\Program Files\Java\jdk-11\bin\net.dll
0x00007ffccd2c0000 - 0x00007ffccd3e6000 	C:\WINDOWS\SYSTEM32\WINHTTP.dll
0x00007ffcd2b00000 - 0x00007ffcd2b68000 	C:\WINDOWS\system32\mswsock.dll
0x00007ffc67430000 - 0x00007ffc67442000 	C:\Program Files\Java\jdk-11\bin\nio.dll
0x00007ffc9ab10000 - 0x00007ffc9ab19000 	C:\Program Files\Java\jdk-11\bin\management.dll
0x00007ffc99ba0000 - 0x00007ffc99bab000 	C:\Program Files\Java\jdk-11\bin\management_ext.dll
0x00007ffca6440000 - 0x00007ffca6458000 	C:\WINDOWS\system32\napinsp.dll
0x00007ffcd1fd0000 - 0x00007ffcd20f5000 	C:\WINDOWS\SYSTEM32\DNSAPI.dll
0x00007ffcd1f30000 - 0x00007ffcd1f62000 	C:\WINDOWS\SYSTEM32\IPHLPAPI.DLL
0x00007ffcd4a00000 - 0x00007ffcd4a0a000 	C:\WINDOWS\System32\NSI.dll
0x00007ffca63d0000 - 0x00007ffca63e2000 	C:\WINDOWS\System32\winrnr.dll
0x00007ffca63a0000 - 0x00007ffca63c2000 	C:\WINDOWS\system32\nlansp_c.dll
0x00007ffca6380000 - 0x00007ffca6396000 	C:\WINDOWS\system32\wshbth.dll
0x00007ffccd160000 - 0x00007ffccd16b000 	C:\Windows\System32\rasadhlp.dll
0x00007ffccfc00000 - 0x00007ffccfc85000 	C:\WINDOWS\System32\fwpuclnt.dll
0x00007ffcd2db0000 - 0x00007ffcd2dcc000 	C:\WINDOWS\SYSTEM32\CRYPTSP.dll
0x00007ffcd2490000 - 0x00007ffcd24c8000 	C:\WINDOWS\system32\rsaenh.dll
0x00007ffcd2ba0000 - 0x00007ffcd2bcb000 	C:\WINDOWS\SYSTEM32\USERENV.dll
0x00007ffcd2fe0000 - 0x00007ffcd3006000 	C:\WINDOWS\SYSTEM32\bcrypt.dll
0x00007ffcd2da0000 - 0x00007ffcd2dac000 	C:\WINDOWS\SYSTEM32\CRYPTBASE.dll
0x00007ffccfbd0000 - 0x00007ffccfbee000 	C:\WINDOWS\SYSTEM32\dhcpcsvc6.DLL
0x00007ffccfb30000 - 0x00007ffccfb55000 	C:\WINDOWS\SYSTEM32\dhcpcsvc.DLL
0x00007ffc67410000 - 0x00007ffc67427000 	C:\work\hadoop-3.3.6\bin\hadoop.dll
0x00007ffcb8db0000 - 0x00007ffcb8dca000 	C:\WINDOWS\SYSTEM32\NETAPI32.dll
0x00007ffcd1f70000 - 0x00007ffcd1fc0000 	C:\WINDOWS\SYSTEM32\AUTHZ.dll
0x00007ffcd1e80000 - 0x00007ffcd1e9b000 	C:\WINDOWS\SYSTEM32\SAMCLI.DLL
0x00007ffcd1ea0000 - 0x00007ffcd1ead000 	C:\WINDOWS\SYSTEM32\NETUTILS.DLL
0x00007ffc97e90000 - 0x00007ffc97e99000 	C:\Program Files\Java\jdk-11\bin\jaas.dll
0x00007ffccbb60000 - 0x00007ffccbbfc000 	C:\WINDOWS\system32\apphelp.dll

dbghelp: loaded successfully - version: 4.0.5 - missing functions: none
symbol engine: initialized successfully - sym options: 0x614 - pdb path: .;C:\Program Files\Java\jdk-11\bin;C:\WINDOWS\SYSTEM32;C:\WINDOWS\WinSxS\amd64_microsoft.windows.common-controls_6595b64144ccf1df_6.0.26100.2454_none_3e0b68a2e331ad60;C:\Program Files\Java\jdk-11\bin\server;C:\work\hadoop-3.3.6\bin

VM Arguments:
jvm_args: -Xmx1g -XX:+IgnoreUnrecognizedVMOptions --add-opens=java.base/java.lang=ALL-UNNAMED --add-opens=java.base/java.lang.invoke=ALL-UNNAMED --add-opens=java.base/java.lang.reflect=ALL-UNNAMED --add-opens=java.base/java.io=ALL-UNNAMED --add-opens=java.base/java.net=ALL-UNNAMED --add-opens=java.base/java.nio=ALL-UNNAMED --add-opens=java.base/java.util=ALL-UNNAMED --add-opens=java.base/java.util.concurrent=ALL-UNNAMED --add-opens=java.base/java.util.concurrent.atomic=ALL-UNNAMED --add-opens=java.base/jdk.internal.ref=ALL-UNNAMED --add-opens=java.base/sun.nio.ch=ALL-UNNAMED --add-opens=java.base/sun.nio.cs=ALL-UNNAMED --add-opens=java.base/sun.security.action=ALL-UNNAMED --add-opens=java.base/sun.util.calendar=ALL-UNNAMED --add-opens=java.security.jgss/sun.security.krb5=ALL-UNNAMED -Djdk.reflect.useDirectMethodHandle=false 
java_command: org.apache.spark.deploy.SparkSubmit --master spark://192.168.1.12:7077 --name PySparkShell pyspark-shell
java_class_path (initial): C:\work\spark-3.5.4\bin\..\conf\;C:\work\spark-3.5.4\jars\activation-1.1.1.jar;C:\work\spark-3.5.4\jars\aircompressor-0.27.jar;C:\work\spark-3.5.4\jars\algebra_2.12-2.0.1.jar;C:\work\spark-3.5.4\jars\annotations-17.0.0.jar;C:\work\spark-3.5.4\jars\antlr-runtime-3.5.2.jar;C:\work\spark-3.5.4\jars\antlr4-runtime-4.9.3.jar;C:\work\spark-3.5.4\jars\aopalliance-repackaged-2.6.1.jar;C:\work\spark-3.5.4\jars\arpack-3.0.3.jar;C:\work\spark-3.5.4\jars\arpack_combined_all-0.1.jar;C:\work\spark-3.5.4\jars\arrow-format-12.0.1.jar;C:\work\spark-3.5.4\jars\arrow-memory-core-12.0.1.jar;C:\work\spark-3.5.4\jars\arrow-memory-netty-12.0.1.jar;C:\work\spark-3.5.4\jars\arrow-vector-12.0.1.jar;C:\work\spark-3.5.4\jars\audience-annotations-0.5.0.jar;C:\work\spark-3.5.4\jars\avro-1.11.2.jar;C:\work\spark-3.5.4\jars\avro-ipc-1.11.2.jar;C:\work\spark-3.5.4\jars\avro-mapred-1.11.2.jar;C:\work\spark-3.5.4\jars\blas-3.0.3.jar;C:\work\spark-3.5.4\jars\bonecp-0.8.0.RELEASE.jar;C:\work\spark-3.5.4\jars\breeze-macros_2.12-2.1.0.jar;C:\work\spark-3.5.4\jars\breeze_2.12-2.1.0.jar;C:\work\spark-3.5.4\jars\cats-kernel_2.12-2.1.1.jar;C:\work\spark-3.5.4\jars\chill-java-0.10.0.jar;C:\work\spark-3.5.4\jars\chill_2.12-0.10.0.jar;C:\work\spark-3.5.4\jars\commons-cli-1.5.0.jar;C:\work\spark-3.5.4\jars\commons-codec-1.16.1.jar;C:\work\spark-3.5.4\jars\commons-collections-3.2.2.jar;C:\work\spark-3.5.4\jars\commons-collections4-4.4.jar;C:\work\spark-3.5.4\jars\commons-compiler-3.1.9.jar;C:\work\spark-3.5.4\jars\commons-compress-1.23.0.jar;C:\work\spark-3.5.4\jars\commons-crypto-1.1.0.jar;C:\work\spark-3.5.4\jars\commons-dbcp-1.4.jar;C:\work\spark-3.5.4\jars\commons-io-2.16.1.jar;C:\work\spark-3.5.4\jars\commons-lang-2.6.jar;C:\work\spark-3.5.4\jars\commons-lang3-3.12.0.jar;C:\work\spark-3.5.4\jars\commons-logging-1.1.3.jar;C:\work\spark-3.5.4\jars\commons-math3-3.6.1.jar;C:\work\spark-3.5.4\jars\commons-pool-1.5.4.jar;C:\work\spark-3.5.4\jars\commons-text-1.10.0.jar;C:\work\spark-3
Launcher Type: SUN_STANDARD

[Global flags]
     intx CICompilerCount                          = 12                                        {product} {ergonomic}
     uint ConcGCThreads                            = 4                                         {product} {ergonomic}
     uint G1ConcRefinementThreads                  = 15                                        {product} {ergonomic}
   size_t G1HeapRegionSize                         = 1048576                                   {product} {ergonomic}
    uintx GCDrainStackTargetSize                   = 64                                        {product} {ergonomic}
     bool IgnoreUnrecognizedVMOptions              = true                                      {product} {command line}
   size_t InitialHeapSize                          = 264241152                                 {product} {ergonomic}
   size_t MarkStackSize                            = 4194304                                   {product} {ergonomic}
   size_t MaxHeapSize                              = 1073741824                                {product} {command line}
   size_t MaxNewSize                               = 643825664                                 {product} {ergonomic}
   size_t MinHeapDeltaBytes                        = 1048576                                   {product} {ergonomic}
    uintx NonNMethodCodeHeapSize                   = 7594288                                {pd product} {ergonomic}
    uintx NonProfiledCodeHeapSize                  = 122031976                              {pd product} {ergonomic}
    uintx ProfiledCodeHeapSize                     = 122031976                              {pd product} {ergonomic}
    uintx ReservedCodeCacheSize                    = 251658240                              {pd product} {ergonomic}
     bool SegmentedCodeCache                       = true                                      {product} {ergonomic}
     bool UseCompressedClassPointers               = true                                 {lp64_product} {ergonomic}
     bool UseCompressedOops                        = true                                 {lp64_product} {ergonomic}
     bool UseG1GC                                  = true                                      {product} {ergonomic}
     bool UseLargePagesIndividualAllocation        = false                                  {pd product} {ergonomic}

Logging:
Log output configuration:
 #0: stdout all=warning uptime,level,tags
 #1: stderr all=off uptime,level,tags

Environment Variables:
JAVA_HOME=C:\Program Files\Java\jdk-11\
PATH=C:\Program Files\Common Files\Oracle\Java\javapath;C:\Program Files (x86)\Common Files\Oracle\Java\javapath;C:\WINDOWS\system32;C:\WINDOWS;C:\WINDOWS\System32\Wbem;C:\WINDOWS\System32\WindowsPowerShell\v1.0\;C:\WINDOWS\System32\OpenSSH\;C:\Program Files\nodejs\;C:\Program Files\dotnet\;C:\Program Files\Snowflake SnowSQL\;C:\Program Files\Git\cmd;C:\Program Files\Git\mingw64\bin;C:\Program Files\Git\usr\bin;C:\Program Files (x86)\Microsoft SQL Server\160\Tools\Binn\;C:\Program Files\Microsoft SQL Server\160\Tools\Binn\;C:\Program Files\Microsoft SQL Server\Client SDK\ODBC\170\Tools\Binn\;C:\Program Files\Microsoft SQL Server\160\DTS\Binn\;C:\Program Files (x86)\Microsoft SQL Server\160\DTS\Binn\;C:\Program Files\Azure Data Studio\bin;C:\Program Files\Microsoft SQL Server\150\Tools\Binn\;C:\Users\mohan\AppData\Local\Programs\Python\Python311\python.exe;C:\work\spark-3.5.4\\bin;C:\work\Java\jdk-11\\bin;C:\work\hadoop-3.3.6\\bin;C:\Users\mohan\AppData\Local\Programs\Python\Python311\python.exe;C:\Program Files\spark-3.5.4\python\lib\py4j-0.10.9.7-src.zip;C:\Program Files\spark-3.5.4\python\lib\;;C:\Users\mohan\AppData\Local\Programs\Python\Python311\python.exe;C:\Users\mohan\AppData\Local\Microsoft\WindowsApps;C:\Users\mohan\AppData\Local\Programs\Python\Python311;;C:\Program Files\Docker\Docker\resources\bin;C:\Program Files\Common Files\Oracle\Java\javapath;C:\Program Files (x86)\Common Files\Oracle\Java\javapath;C:\WINDOWS\system32;C:\WINDOWS;C:\WINDOWS\System32\Wbem;C:\WINDOWS\System32\WindowsPowerShell\v1.0\;C:\WINDOWS\System32\OpenSSH\;C:\Program Files\nodejs\;C:\Program Files\dotnet\;C:\Program Files\Snowflake SnowSQL\;C:\Program Files\Git\cmd;C:\Program Files\Git\mingw64\bin;C:\Program Files\Git\usr\bin;C:\Program Files (x86)\Microsoft SQL Server\160\Tools\Binn\;C:\Program Files\Microsoft SQL Server\160\Tools\Binn\;C:\Program Files\Microsoft SQL Server\Client SDK\ODBC\170\Tools\Binn\;C:\Program Files\Microsoft SQL Server\160\DTS\Binn\;C:\Program Files (x86)\Mi
USERNAME=mohan
OS=Windows_NT
PROCESSOR_IDENTIFIER=Intel64 Family 6 Model 154 Stepping 3, GenuineIntel



---------------  S Y S T E M  ---------------

OS: Windows 11 , 64 bit Build 26100 (10.0.26100.2454)
Hyper-V role detected

CPU:total 20 (initial active 20) (10 cores per cpu, 2 threads per core) family 6 model 154 stepping 3 microcode 0x41b, cmov, cx8, fxsr, mmx, sse, sse2, sse3, ssse3, sse4.1, sse4.2, popcnt, avx, avx2, aes, clmul, erms, 3dnowpref, lzcnt, ht, tsc, tscinvbit, bmi1, bmi2, adx, sha, fma

Memory: 4k page, system-wide physical 16003M (3180M free)
TotalPageFile size 18899M (AvailPageFile size 0M)
current process WorkingSet (physical memory assigned to process): 257M, peak: 439M
current process commit charge ("private bytes"): 391M, peak: 564M

vm_info: Java HotSpot(TM) 64-Bit Server VM (11.0.24+7-LTS-271) for windows-amd64 JRE (11.0.24+7-LTS-271), built on Jun  5 2024 06:54:11 by "mach5one" with MS VC++ 17.6 (VS2022)

END.
